Log File for Generation of 20110630175055.eps/txt
IDL Version: 7.1
ROUTINE(0): analysis/../fingerprint_plotgf__etel3.pro
       PATH: analysis/../fingerprint_plotgf__etel3.pro
       SIZE:                   5234 (Bytes)
       LAST MODIFIED: Thu Jun 30 16:10:16 2011
ROUTINE(1): analysis/g4_plotgfb.pro
       PATH: analysis/g4_plotgfb.pro
       SIZE:                   8524 (Bytes)
       LAST MODIFIED: Fri Jun 24 16:59:16 2011
ROUTINE(2): analysis/g4_fingerprint.pro
       PATH: analysis/g4_fingerprint.pro
       SIZE:                   1784 (Bytes)
       LAST MODIFIED: Tue Jun 28 17:26:31 2011
ROUTINE(3): analysis/g4_load2x.pro
       PATH: analysis/g4_load2x.pro
       SIZE:                   4255 (Bytes)
       LAST MODIFIED: Fri Jun 24 16:59:16 2011
ROUTINE(4): analysis/g4_calcgfb.pro
       PATH: analysis/g4_calcgfb.pro
       SIZE:                   5418 (Bytes)
       LAST MODIFIED: Thu Jun 30 17:42:35 2011
ROUTINE(5): analysis/g4_binhits.pro
       PATH: analysis/g4_binhits.pro
       SIZE:                   4285 (Bytes)
       LAST MODIFIED: Fri Jun 24 16:59:16 2011
ROUTINE(6): analysis/sem2_loadct.pro
       PATH: analysis/sem2_loadct.pro
       SIZE:                   2436 (Bytes)
       LAST MODIFIED: Fri Jun 24 16:59:23 2011
COMPILED ROUTINES: $MAIN$ FINGERPRINT_PLOTGF__ETEL3 G4_PLOTGFB LOAD_G4_LIB SEM2_LOADCT

Log File (continued by ../fingerprint_plotgf__etel3.pro):

INPUT DATA (source files): 
{ g4_data/binary/ptel_p10.0keV_3389440.bin
g4_data/binary/ptel_p100.0keV_3389441.bin
g4_data/binary/ptel_p1.0MeV_3389442.bin g4_data/binary/ptel_p9.0MeV_3401081.bin
g4_data/binary/ptel_p10.0MeV_3389443.bin
g4_data/binary/ptel_e10.0keV_3389430.bin
g4_data/binary/ptel_e40.0keV_3407990.bin
g4_data/binary/ptel_e60.0keV_3407991.bin
g4_data/binary/ptel_e80.0keV_3408604.bin
g4_data/binary/ptel_e100.0keV_3389434.bin
g4_data/binary/ptel_e400.0keV_3389435.bin
g4_data/binary/ptel_e700.0keV_3389436.bin
g4_data/binary/ptel_e1.0MeV_3389437.bin g4_data/binary/ptel_e4.0MeV_3389438.bin
g4_data/binary/ptel_e7.0MeV_3389439.bin
      -1
MEPED Proton Telescope       1}
{ g4_data/binary/etel_p10.0keV_10376.bin g4_data/binary/etel_p100.0keV_10377.bin
g4_data/binary/etel_p1.0MeV_10378.bin
g4_data/binary/etel_e10.0keV_10383.bin g4_data/binary/etel_e100.0keV_10379.bin
g4_data/binary/etel_e1.0MeV_10380.bin g4_data/binary/etel_e4.0MeV_10381.bin
g4_data/binary/etel_e7.0MeV_10382.bin
      -1
MEPED Electron Telescope       2}

Compiled Routines: $MAIN$ BINREAD ERRPLOT FINGERPRINT_PLOTGF__ETEL3 G4_PLOTGFB LOADCT LOAD_G4_LIB SEM2_LOADCT
